<?xml version="1.0" encoding="UTF-8" ?>
<testsuites errors="1"
            failures="1"
            tests="2">

  <testsuite name="test"
    errors="1" failures="1" hostname="" id="" package="test" skipped="0"
    tests="2" time="9.936" timestamp="">
  
    <testcase name="default e2e tests" classname="test" time="0.9270" assertions="3">

    

    

    
    </testcase>
  
    <testcase name="default add tests" classname="test" time="9.009" assertions="2">

      <failure message="Testing if element &lt;h4&gt; contains text &#39;You submitted successfully!&#39; in 5000ms - expected &#34;contains text &#39;You submitted successfully!&#39;&#34; but got: &#34;element could not be located&#34; (5086ms)">    at Object.default add tests (/home/erik/jsramverk/kmom03/frontend/tests/e2e/specs/test.js:30:15)
    at processTicksAndRejections (node:internal/process/task_queues:96:5)</failure>

    
    <error message="Error while running &#34;containsText&#34; command: Testing if element [0;33m&lt;h4&gt;[0m contains text [0;33m&#39;You submitted successfully!&#39;[0m in 5000ms - expected [0;32m&#34;contains text &#39;You submitted successfully!&#39;&#34;[0m but got: [0;31m&#34;element could not be located&#34;[0m [0;90m(5086ms)[0m" type="error"><![CDATA[
        at Object.default add tests (/home/erik/jsramverk/kmom03/frontend/tests/e2e/specs/test.js:30:15)
    at processTicksAndRejections (node:internal/process/task_queues:96:5)
    ]]></error>
    
    </testcase>
  

  
    <system-err>
        NoSuchElementError: An error occurred while running .getText() command on &lt;h4&gt;: 
   {&#34;value&#34;:[]}
       at processTicksAndRejections (node:internal/process/task_queues:96:5)
    </system-err>
  

    

  
  </testsuite>
</testsuites>
